# JRE version: Java(TM) SE Runtime Environment (8.0_202-b08) (build 1.8.0_202-b08)
# Java VM: Java HotSpot(TM) 64-Bit Server VM (25.202-b08 mixed mode linux-amd64 compressed oops)
Heap:
 PSYoungGen      total 102400K, used 77698K [0x00000000d7200000, 0x00000000e1300000, 0x0000000100000000)
  eden space 93184K, 83% used [0x00000000d7200000,0x00000000dbde0b08,0x00000000dcd00000)
  from space 9216K, 0% used [0x00000000dcd00000,0x00000000dcd00000,0x00000000dd600000)
  to   space 9728K, 0% used [0x00000000e0980000,0x00000000e0980000,0x00000000e1300000)
 ParOldGen       total 89088K, used 12065K [0x0000000085600000, 0x000000008ad00000, 0x00000000d7200000)
  object space 89088K, 13% used [0x0000000085600000,0x00000000861c8460,0x000000008ad00000)
 Metaspace       used 41285K, capacity 43374K, committed 43776K, reserved 1087488K
  class space    used 5267K, capacity 5769K, committed 5888K, reserved 1048576K
GC Heap History (10 events):
Event: 1.183 GC heap before
{Heap before GC invocations=5 (full 1):
 PSYoungGen      total 68608K, used 5096K [0x00000000d7200000, 0x00000000dba00000, 0x0000000100000000)
  eden space 63488K, 0% used [0x00000000d7200000,0x00000000d7200000,0x00000000db000000)
  from space 5120K, 99% used [0x00000000db500000,0x00000000db9fa380,0x00000000dba00000)
  to   space 5120K, 0% used [0x00000000db000000,0x00000000db000000,0x00000000db500000)
 ParOldGen       total 84992K, used 4158K [0x0000000085600000, 0x000000008a900000, 0x00000000d7200000)
  object space 84992K, 4% used [0x0000000085600000,0x0000000085a0f820,0x000000008a900000)
 Metaspace       used 20290K, capacity 21190K, committed 21296K, reserved 1069056K
  class space    used 2419K, capacity 2677K, committed 2688K, reserved 1048576K
Event: 1.210 GC heap after
Heap after GC invocations=5 (full 1):
 PSYoungGen      total 68608K, used 0K [0x00000000d7200000, 0x00000000dba00000, 0x0000000100000000)
  eden space 63488K, 0% used [0x00000000d7200000,0x00000000d7200000,0x00000000db000000)
  from space 5120K, 0% used [0x00000000db500000,0x00000000db500000,0x00000000dba00000)
  to   space 5120K, 0% used [0x00000000db000000,0x00000000db000000,0x00000000db500000)
 ParOldGen       total 56320K, used 6714K [0x0000000085600000, 0x0000000088d00000, 0x00000000d7200000)
  object space 56320K, 11% used [0x0000000085600000,0x0000000085c8e950,0x0000000088d00000)
 Metaspace       used 20290K, capacity 21190K, committed 21296K, reserved 1069056K
  class space    used 2419K, capacity 2677K, committed 2688K, reserved 1048576K
}
Event: 1.517 GC heap before
{Heap before GC invocations=6 (full 1):
 PSYoungGen      total 68608K, used 63488K [0x00000000d7200000, 0x00000000dba00000, 0x0000000100000000)
  eden space 63488K, 100% used [0x00000000d7200000,0x00000000db000000,0x00000000db000000)
  from space 5120K, 0% used [0x00000000db500000,0x00000000db500000,0x00000000dba00000)
  to   space 5120K, 0% used [0x00000000db000000,0x00000000db000000,0x00000000db500000)
 ParOldGen       total 56320K, used 6714K [0x0000000085600000, 0x0000000088d00000, 0x00000000d7200000)
  object space 56320K, 11% used [0x0000000085600000,0x0000000085c8e950,0x0000000088d00000)
 Metaspace       used 24505K, capacity 25554K, committed 25856K, reserved 1071104K
  class space    used 2987K, capacity 3273K, committed 3328K, reserved 1048576K
Event: 1.521 GC heap after
Heap after GC invocations=6 (full 1):
 PSYoungGen      total 68608K, used 4664K [0x00000000d7200000, 0x00000000ddd80000, 0x0000000100000000)
  eden space 63488K, 0% used [0x00000000d7200000,0x00000000d7200000,0x00000000db000000)
  from space 5120K, 91% used [0x00000000db000000,0x00000000db48e3d0,0x00000000db500000)
  to   space 7680K, 0% used [0x00000000dd600000,0x00000000dd600000,0x00000000ddd80000)
 ParOldGen       total 56320K, used 6722K [0x0000000085600000, 0x0000000088d00000, 0x00000000d7200000)
  object space 56320K, 11% used [0x0000000085600000,0x0000000085c90950,0x0000000088d00000)
 Metaspace       used 24505K, capacity 25554K, committed 25856K, reserved 1071104K
  class space    used 2987K, capacity 3273K, committed 3328K, reserved 1048576K
}
Event: 2.016 GC heap before
{Heap before GC invocations=7 (full 1):
 PSYoungGen      total 68608K, used 68152K [0x00000000d7200000, 0x00000000ddd80000, 0x0000000100000000)
  eden space 63488K, 100% used [0x00000000d7200000,0x00000000db000000,0x00000000db000000)
  from space 5120K, 91% used [0x00000000db000000,0x00000000db48e3d0,0x00000000db500000)
  to   space 7680K, 0% used [0x00000000dd600000,0x00000000dd600000,0x00000000ddd80000)
 ParOldGen       total 56320K, used 6722K [0x0000000085600000, 0x0000000088d00000, 0x00000000d7200000)
  object space 56320K, 11% used [0x0000000085600000,0x0000000085c90950,0x0000000088d00000)
 Metaspace       used 31322K, capacity 32774K, committed 33024K, reserved 1077248K
  class space    used 3890K, capacity 4263K, committed 4352K, reserved 1048576K
Event: 2.023 GC heap after
Heap after GC invocations=7 (full 1):
 PSYoungGen      total 100864K, used 7663K [0x00000000d7200000, 0x00000000ddf80000, 0x0000000100000000)
  eden space 93184K, 0% used [0x00000000d7200000,0x00000000d7200000,0x00000000dcd00000)
  from space 7680K, 99% used [0x00000000dd600000,0x00000000ddd7bfd0,0x00000000ddd80000)
  to   space 9216K, 0% used [0x00000000dcd00000,0x00000000dcd00000,0x00000000dd600000)
 ParOldGen       total 56320K, used 8588K [0x0000000085600000, 0x0000000088d00000, 0x00000000d7200000)
  object space 56320K, 15% used [0x0000000085600000,0x0000000085e630d8,0x0000000088d00000)
 Metaspace       used 31322K, capacity 32774K, committed 33024K, reserved 1077248K
  class space    used 3890K, capacity 4263K, committed 4352K, reserved 1048576K
}
Event: 2.168 GC heap before
{Heap before GC invocations=8 (full 1):
 PSYoungGen      total 100864K, used 25606K [0x00000000d7200000, 0x00000000ddf80000, 0x0000000100000000)
  eden space 93184K, 19% used [0x00000000d7200000,0x00000000d8385938,0x00000000dcd00000)
  from space 7680K, 99% used [0x00000000dd600000,0x00000000ddd7bfd0,0x00000000ddd80000)
  to   space 9216K, 0% used [0x00000000dcd00000,0x00000000dcd00000,0x00000000dd600000)
 ParOldGen       total 56320K, used 8588K [0x0000000085600000, 0x0000000088d00000, 0x00000000d7200000)
  object space 56320K, 15% used [0x0000000085600000,0x0000000085e630d8,0x0000000088d00000)
 Metaspace       used 33749K, capacity 35314K, committed 35456K, reserved 1079296K
  class space    used 4244K, capacity 4657K, committed 4736K, reserved 1048576K
Event: 2.177 GC heap after
Heap after GC invocations=8 (full 1):
 PSYoungGen      total 102400K, used 7846K [0x00000000d7200000, 0x00000000e1300000, 0x0000000100000000)
  eden space 93184K, 0% used [0x00000000d7200000,0x00000000d7200000,0x00000000dcd00000)
  from space 9216K, 85% used [0x00000000dcd00000,0x00000000dd4a9b20,0x00000000dd600000)
  to   space 9728K, 0% used [0x00000000e0980000,0x00000000e0980000,0x00000000e1300000)
 ParOldGen       total 56320K, used 8588K [0x0000000085600000, 0x0000000088d00000, 0x00000000d7200000)
  object space 56320K, 15% used [0x0000000085600000,0x0000000085e630d8,0x0000000088d00000)
 Metaspace       used 33749K, capacity 35314K, committed 35456K, reserved 1079296K
  class space    used 4244K, capacity 4657K, committed 4736K, reserved 1048576K
}
Event: 2.177 GC heap before
{Heap before GC invocations=9 (full 2):
 PSYoungGen      total 102400K, used 7846K [0x00000000d7200000, 0x00000000e1300000, 0x0000000100000000)
  eden space 93184K, 0% used [0x00000000d7200000,0x00000000d7200000,0x00000000dcd00000)
  from space 9216K, 85% used [0x00000000dcd00000,0x00000000dd4a9b20,0x00000000dd600000)
  to   space 9728K, 0% used [0x00000000e0980000,0x00000000e0980000,0x00000000e1300000)
 ParOldGen       total 56320K, used 8588K [0x0000000085600000, 0x0000000088d00000, 0x00000000d7200000)
  object space 56320K, 15% used [0x0000000085600000,0x0000000085e630d8,0x0000000088d00000)
 Metaspace       used 33749K, capacity 35314K, committed 35456K, reserved 1079296K
  class space    used 4244K, capacity 4657K, committed 4736K, reserved 1048576K
Event: 2.229 GC heap after
Heap after GC invocations=9 (full 2):
 PSYoungGen      total 102400K, used 0K [0x00000000d7200000, 0x00000000e1300000, 0x0000000100000000)
  eden space 93184K, 0% used [0x00000000d7200000,0x00000000d7200000,0x00000000dcd00000)
  from space 9216K, 0% used [0x00000000dcd00000,0x00000000dcd00000,0x00000000dd600000)
  to   space 9728K, 0% used [0x00000000e0980000,0x00000000e0980000,0x00000000e1300000)
 ParOldGen       total 89088K, used 12065K [0x0000000085600000, 0x000000008ad00000, 0x00000000d7200000)
  object space 89088K, 13% used [0x0000000085600000,0x00000000861c8460,0x000000008ad00000)
 Metaspace       used 33749K, capacity 35314K, committed 35456K, reserved 1079296K
  class space    used 4244K, capacity 4657K, committed 4736K, reserved 1048576K
}

